<?xml version="1.0" encoding="UTF-8"?>
<testng-results ignored="0" total="1" passed="1" failed="0" skipped="0">
  <reporter-output>
  </reporter-output>
  <suite started-at="2024-08-03T23:21:01 IST" name="Suite" finished-at="2024-08-03T23:21:14 IST" duration-ms="12808">
    <groups>
    </groups>
    <test started-at="2024-08-03T23:21:01 IST" name="Test" finished-at="2024-08-03T23:21:14 IST" duration-ms="12808">
      <class name="com.fitpeo.testcases.FitpeoAssessment">
        <test-method is-config="true" signature="beforeClass(java.lang.String)[pri:0, instance:com.fitpeo.testcases.FitpeoAssessment@6b81ce95]" started-at="2024-08-03T23:21:01 IST" name="beforeClass" finished-at="2024-08-03T23:21:04 IST" duration-ms="2789" status="PASS">
          <params>
            <param index="0">
              <value>
                <![CDATA[CHROME]]>
              </value>
            </param>
          </params>
          <reporter-output>
          </reporter-output>
        </test-method> <!-- beforeClass -->
        <test-method signature="testCases()[pri:0, instance:com.fitpeo.testcases.FitpeoAssessment@6b81ce95]" started-at="2024-08-03T23:21:04 IST" name="testCases" finished-at="2024-08-03T23:21:13 IST" duration-ms="8625" status="PASS">
          <reporter-output>
          </reporter-output>
        </test-method> <!-- testCases -->
        <test-method is-config="true" signature="afterClass()[pri:0, instance:com.fitpeo.testcases.FitpeoAssessment@6b81ce95]" started-at="2024-08-03T23:21:13 IST" name="afterClass" finished-at="2024-08-03T23:21:14 IST" duration-ms="1297" status="PASS">
          <reporter-output>
          </reporter-output>
        </test-method> <!-- afterClass -->
      </class> <!-- com.fitpeo.testcases.FitpeoAssessment -->
    </test> <!-- Test -->
  </suite> <!-- Suite -->
</testng-results>
